  Action.cpp
C:\Users\Macie\OneDrive\Programowanie\Biblioteki C++\SFML-2.4.1 x86\include\SFML/Graphics/Sprite.hpp(47): error C2504: 'sf::Drawable': base class undefined
c:\users\macie\onedrive\mighty gorilla\the board game project\edytor\edytor\Action.h(191): warning C4267: 'initializing': conversion from 'size_t' to 'uint8_t', possible loss of data
Action.cpp(52): warning C4267: 'initializing': conversion from 'size_t' to 'uint8_t', possible loss of data
Action.cpp(361): warning C4018: '<': signed/unsigned mismatch
Action.cpp(381): warning C4018: '<': signed/unsigned mismatch
Action.cpp(432): warning C4267: 'initializing': conversion from 'size_t' to 'uint8_t', possible loss of data
Action.cpp(464): warning C4267: 'initializing': conversion from 'size_t' to 'uint8_t', possible loss of data
Action.cpp(499): warning C4244: 'argument': conversion from 'int' to 'float', possible loss of data
Action.cpp(533): warning C4267: 'initializing': conversion from 'size_t' to 'uint8_t', possible loss of data
Action.cpp(562): warning C4267: 'initializing': conversion from 'size_t' to 'uint8_t', possible loss of data
Action.cpp(617): warning C4244: 'argument': conversion from 'double' to 'float', possible loss of data
Action.cpp(742): warning C4018: '<': signed/unsigned mismatch
Action.cpp(773): warning C4018: '<': signed/unsigned mismatch
  Commands.cpp
C:\Users\Macie\OneDrive\Programowanie\Biblioteki C++\SFML-2.4.1 x86\include\SFML/Graphics/Sprite.hpp(47): error C2504: 'Drawable': base class undefined
C:\Users\Macie\OneDrive\Programowanie\Biblioteki C++\SFML-2.4.1 x86\include\SFML/Graphics/Sprite.hpp(201): error C2061: syntax error: identifier 'RenderTarget'
c:\users\macie\onedrive\programowanie\biblioteki c++\sfml-2.4.1 x86\include\sfml\graphics\..\..\..\..\..\..\..\Documents\Visual Studio 2015\Projects\Stworki\Game\Game\SFGE\Objects\DrawableObject.h(20): error C2039: 'Drawable': is not a member of 'sf'
  C:\Users\Macie\OneDrive\Programowanie\Biblioteki C++\SFML-2.4.1 x86\include\SFML/Graphics/Sprite.hpp(38): note: see declaration of 'sf'
c:\users\macie\onedrive\programowanie\biblioteki c++\sfml-2.4.1 x86\include\sfml\graphics\..\..\..\..\..\..\..\Documents\Visual Studio 2015\Projects\Stworki\Game\Game\SFGE\Objects\DrawableObject.h(20): error C2143: syntax error: missing ';' before '&'
c:\users\macie\onedrive\programowanie\biblioteki c++\sfml-2.4.1 x86\include\sfml\graphics\..\..\..\..\..\..\..\Documents\Visual Studio 2015\Projects\Stworki\Game\Game\SFGE\Objects\DrawableObject.h(20): error C2433: 'sfge::DrawableObject::Drawable': 'virtual' not permitted on data declarations
c:\users\macie\onedrive\programowanie\biblioteki c++\sfml-2.4.1 x86\include\sfml\graphics\..\..\..\..\..\..\..\Documents\Visual Studio 2015\Projects\Stworki\Game\Game\SFGE\Objects\DrawableObject.h(20): error C4430: missing type specifier - int assumed. Note: C++ does not support default-int
c:\users\macie\onedrive\programowanie\biblioteki c++\sfml-2.4.1 x86\include\sfml\graphics\..\..\..\..\..\..\..\Documents\Visual Studio 2015\Projects\Stworki\Game\Game\SFGE\Objects\DrawableObject.h(20): error C2238: unexpected token(s) preceding ';'
Commands.cpp(152): warning C4018: '<': signed/unsigned mismatch
Commands.cpp(264): warning C4018: '<': signed/unsigned mismatch
Commands.cpp(444): warning C4018: '<': signed/unsigned mismatch
Commands.cpp(568): warning C4018: '<=': signed/unsigned mismatch
  Console.cpp
C:\Users\Macie\OneDrive\Programowanie\Biblioteki C++\SFML-2.4.1 x86\include\SFML/Graphics/Sprite.hpp(47): error C2504: 'Drawable': base class undefined
C:\Users\Macie\OneDrive\Programowanie\Biblioteki C++\SFML-2.4.1 x86\include\SFML/Graphics/Sprite.hpp(201): error C2061: syntax error: identifier 'RenderTarget'
c:\users\macie\onedrive\programowanie\biblioteki c++\sfml-2.4.1 x86\include\sfml\graphics\..\..\..\..\..\..\..\Documents\Visual Studio 2015\Projects\Stworki\Game\Game\SFGE\Objects\DrawableObject.h(20): error C2039: 'Drawable': is not a member of 'sf'
  C:\Users\Macie\OneDrive\Programowanie\Biblioteki C++\SFML-2.4.1 x86\include\SFML/Graphics/Sprite.hpp(38): note: see declaration of 'sf'
c:\users\macie\onedrive\programowanie\biblioteki c++\sfml-2.4.1 x86\include\sfml\graphics\..\..\..\..\..\..\..\Documents\Visual Studio 2015\Projects\Stworki\Game\Game\SFGE\Objects\DrawableObject.h(20): error C2143: syntax error: missing ';' before '&'
c:\users\macie\onedrive\programowanie\biblioteki c++\sfml-2.4.1 x86\include\sfml\graphics\..\..\..\..\..\..\..\Documents\Visual Studio 2015\Projects\Stworki\Game\Game\SFGE\Objects\DrawableObject.h(20): error C2433: 'sfge::DrawableObject::Drawable': 'virtual' not permitted on data declarations
c:\users\macie\onedrive\programowanie\biblioteki c++\sfml-2.4.1 x86\include\sfml\graphics\..\..\..\..\..\..\..\Documents\Visual Studio 2015\Projects\Stworki\Game\Game\SFGE\Objects\DrawableObject.h(20): error C4430: missing type specifier - int assumed. Note: C++ does not support default-int
c:\users\macie\onedrive\programowanie\biblioteki c++\sfml-2.4.1 x86\include\sfml\graphics\..\..\..\..\..\..\..\Documents\Visual Studio 2015\Projects\Stworki\Game\Game\SFGE\Objects\DrawableObject.h(20): error C2238: unexpected token(s) preceding ';'
  Effect.cpp
  GameObjects.cpp
C:\Users\Macie\OneDrive\Programowanie\Biblioteki C++\SFML-2.4.1 x86\include\SFML/Graphics/Sprite.hpp(47): error C2504: 'Drawable': base class undefined
C:\Users\Macie\OneDrive\Programowanie\Biblioteki C++\SFML-2.4.1 x86\include\SFML/Graphics/Sprite.hpp(201): error C2061: syntax error: identifier 'RenderTarget'
c:\users\macie\onedrive\programowanie\biblioteki c++\sfml-2.4.1 x86\include\sfml\graphics\..\..\..\..\..\..\..\Documents\Visual Studio 2015\Projects\Stworki\Game\Game\SFGE\Objects\DrawableObject.h(20): error C2039: 'Drawable': is not a member of 'sf'
  C:\Users\Macie\OneDrive\Programowanie\Biblioteki C++\SFML-2.4.1 x86\include\SFML/Graphics/Sprite.hpp(38): note: see declaration of 'sf'
c:\users\macie\onedrive\programowanie\biblioteki c++\sfml-2.4.1 x86\include\sfml\graphics\..\..\..\..\..\..\..\Documents\Visual Studio 2015\Projects\Stworki\Game\Game\SFGE\Objects\DrawableObject.h(20): error C2143: syntax error: missing ';' before '&'
c:\users\macie\onedrive\programowanie\biblioteki c++\sfml-2.4.1 x86\include\sfml\graphics\..\..\..\..\..\..\..\Documents\Visual Studio 2015\Projects\Stworki\Game\Game\SFGE\Objects\DrawableObject.h(20): error C2433: 'sfge::DrawableObject::Drawable': 'virtual' not permitted on data declarations
c:\users\macie\onedrive\programowanie\biblioteki c++\sfml-2.4.1 x86\include\sfml\graphics\..\..\..\..\..\..\..\Documents\Visual Studio 2015\Projects\Stworki\Game\Game\SFGE\Objects\DrawableObject.h(20): error C4430: missing type specifier - int assumed. Note: C++ does not support default-int
c:\users\macie\onedrive\programowanie\biblioteki c++\sfml-2.4.1 x86\include\sfml\graphics\..\..\..\..\..\..\..\Documents\Visual Studio 2015\Projects\Stworki\Game\Game\SFGE\Objects\DrawableObject.h(20): error C2238: unexpected token(s) preceding ';'
GameObjects.cpp(259): warning C4018: '<=': signed/unsigned mismatch
  Skill.cpp
C:\Users\Macie\OneDrive\Programowanie\Biblioteki C++\SFML-2.4.1 x86\include\SFML/Graphics/Sprite.hpp(47): error C2504: 'Drawable': base class undefined
C:\Users\Macie\OneDrive\Programowanie\Biblioteki C++\SFML-2.4.1 x86\include\SFML/Graphics/Sprite.hpp(201): error C2061: syntax error: identifier 'RenderTarget'
c:\users\macie\onedrive\programowanie\biblioteki c++\sfml-2.4.1 x86\include\sfml\graphics\..\..\..\..\..\..\..\Documents\Visual Studio 2015\Projects\Stworki\Game\Game\SFGE\Objects\DrawableObject.h(20): error C2039: 'Drawable': is not a member of 'sf'
  C:\Users\Macie\OneDrive\Programowanie\Biblioteki C++\SFML-2.4.1 x86\include\SFML/Graphics/Sprite.hpp(38): note: see declaration of 'sf'
c:\users\macie\onedrive\programowanie\biblioteki c++\sfml-2.4.1 x86\include\sfml\graphics\..\..\..\..\..\..\..\Documents\Visual Studio 2015\Projects\Stworki\Game\Game\SFGE\Objects\DrawableObject.h(20): error C2143: syntax error: missing ';' before '&'
c:\users\macie\onedrive\programowanie\biblioteki c++\sfml-2.4.1 x86\include\sfml\graphics\..\..\..\..\..\..\..\Documents\Visual Studio 2015\Projects\Stworki\Game\Game\SFGE\Objects\DrawableObject.h(20): error C2433: 'sfge::DrawableObject::Drawable': 'virtual' not permitted on data declarations
c:\users\macie\onedrive\programowanie\biblioteki c++\sfml-2.4.1 x86\include\sfml\graphics\..\..\..\..\..\..\..\Documents\Visual Studio 2015\Projects\Stworki\Game\Game\SFGE\Objects\DrawableObject.h(20): error C4430: missing type specifier - int assumed. Note: C++ does not support default-int
c:\users\macie\onedrive\programowanie\biblioteki c++\sfml-2.4.1 x86\include\sfml\graphics\..\..\..\..\..\..\..\Documents\Visual Studio 2015\Projects\Stworki\Game\Game\SFGE\Objects\DrawableObject.h(20): error C2238: unexpected token(s) preceding ';'
  Camera.cpp
C:\Users\Macie\OneDrive\Programowanie\Biblioteki C++\SFML-2.4.1 x86\include\SFML/Graphics/Sprite.hpp(47): error C2504: 'Drawable': base class undefined
C:\Users\Macie\OneDrive\Programowanie\Biblioteki C++\SFML-2.4.1 x86\include\SFML/Graphics/Sprite.hpp(201): error C2061: syntax error: identifier 'RenderTarget'
c:\users\macie\onedrive\programowanie\biblioteki c++\sfml-2.4.1 x86\include\sfml\graphics\..\..\..\..\..\..\..\Documents\Visual Studio 2015\Projects\Stworki\Game\Game\SFGE\Objects\DrawableObject.h(20): error C2039: 'Drawable': is not a member of 'sf'
  C:\Users\Macie\OneDrive\Programowanie\Biblioteki C++\SFML-2.4.1 x86\include\SFML/Graphics/Sprite.hpp(38): note: see declaration of 'sf'
c:\users\macie\onedrive\programowanie\biblioteki c++\sfml-2.4.1 x86\include\sfml\graphics\..\..\..\..\..\..\..\Documents\Visual Studio 2015\Projects\Stworki\Game\Game\SFGE\Objects\DrawableObject.h(20): error C2143: syntax error: missing ';' before '&'
c:\users\macie\onedrive\programowanie\biblioteki c++\sfml-2.4.1 x86\include\sfml\graphics\..\..\..\..\..\..\..\Documents\Visual Studio 2015\Projects\Stworki\Game\Game\SFGE\Objects\DrawableObject.h(20): error C2433: 'sfge::DrawableObject::Drawable': 'virtual' not permitted on data declarations
c:\users\macie\onedrive\programowanie\biblioteki c++\sfml-2.4.1 x86\include\sfml\graphics\..\..\..\..\..\..\..\Documents\Visual Studio 2015\Projects\Stworki\Game\Game\SFGE\Objects\DrawableObject.h(20): error C4430: missing type specifier - int assumed. Note: C++ does not support default-int
c:\users\macie\onedrive\programowanie\biblioteki c++\sfml-2.4.1 x86\include\sfml\graphics\..\..\..\..\..\..\..\Documents\Visual Studio 2015\Projects\Stworki\Game\Game\SFGE\Objects\DrawableObject.h(20): error C2238: unexpected token(s) preceding ';'
  Character.cpp
C:\Users\Macie\OneDrive\Programowanie\Biblioteki C++\SFML-2.4.1 x86\include\SFML/Graphics/Sprite.hpp(47): error C2504: 'Drawable': base class undefined
C:\Users\Macie\OneDrive\Programowanie\Biblioteki C++\SFML-2.4.1 x86\include\SFML/Graphics/Sprite.hpp(201): error C2061: syntax error: identifier 'RenderTarget'
c:\users\macie\onedrive\programowanie\biblioteki c++\sfml-2.4.1 x86\include\sfml\graphics\..\..\..\..\..\..\..\Documents\Visual Studio 2015\Projects\Stworki\Game\Game\SFGE\Objects\DrawableObject.h(20): error C2039: 'Drawable': is not a member of 'sf'
  C:\Users\Macie\OneDrive\Programowanie\Biblioteki C++\SFML-2.4.1 x86\include\SFML/Graphics/Sprite.hpp(38): note: see declaration of 'sf'
c:\users\macie\onedrive\programowanie\biblioteki c++\sfml-2.4.1 x86\include\sfml\graphics\..\..\..\..\..\..\..\Documents\Visual Studio 2015\Projects\Stworki\Game\Game\SFGE\Objects\DrawableObject.h(20): error C2143: syntax error: missing ';' before '&'
c:\users\macie\onedrive\programowanie\biblioteki c++\sfml-2.4.1 x86\include\sfml\graphics\..\..\..\..\..\..\..\Documents\Visual Studio 2015\Projects\Stworki\Game\Game\SFGE\Objects\DrawableObject.h(20): error C2433: 'sfge::DrawableObject::Drawable': 'virtual' not permitted on data declarations
c:\users\macie\onedrive\programowanie\biblioteki c++\sfml-2.4.1 x86\include\sfml\graphics\..\..\..\..\..\..\..\Documents\Visual Studio 2015\Projects\Stworki\Game\Game\SFGE\Objects\DrawableObject.h(20): error C4430: missing type specifier - int assumed. Note: C++ does not support default-int
c:\users\macie\onedrive\programowanie\biblioteki c++\sfml-2.4.1 x86\include\sfml\graphics\..\..\..\..\..\..\..\Documents\Visual Studio 2015\Projects\Stworki\Game\Game\SFGE\Objects\DrawableObject.h(20): error C2238: unexpected token(s) preceding ';'
  CharactersMgr.cpp
C:\Users\Macie\OneDrive\Programowanie\Biblioteki C++\SFML-2.4.1 x86\include\SFML/Graphics/Sprite.hpp(47): error C2504: 'Drawable': base class undefined
C:\Users\Macie\OneDrive\Programowanie\Biblioteki C++\SFML-2.4.1 x86\include\SFML/Graphics/Sprite.hpp(201): error C2061: syntax error: identifier 'RenderTarget'
c:\users\macie\onedrive\programowanie\biblioteki c++\sfml-2.4.1 x86\include\sfml\graphics\..\..\..\..\..\..\..\Documents\Visual Studio 2015\Projects\Stworki\Game\Game\SFGE\Objects\DrawableObject.h(20): error C2039: 'Drawable': is not a member of 'sf'
  C:\Users\Macie\OneDrive\Programowanie\Biblioteki C++\SFML-2.4.1 x86\include\SFML/Graphics/Sprite.hpp(38): note: see declaration of 'sf'
c:\users\macie\onedrive\programowanie\biblioteki c++\sfml-2.4.1 x86\include\sfml\graphics\..\..\..\..\..\..\..\Documents\Visual Studio 2015\Projects\Stworki\Game\Game\SFGE\Objects\DrawableObject.h(20): error C2143: syntax error: missing ';' before '&'
c:\users\macie\onedrive\programowanie\biblioteki c++\sfml-2.4.1 x86\include\sfml\graphics\..\..\..\..\..\..\..\Documents\Visual Studio 2015\Projects\Stworki\Game\Game\SFGE\Objects\DrawableObject.h(20): error C2433: 'sfge::DrawableObject::Drawable': 'virtual' not permitted on data declarations
c:\users\macie\onedrive\programowanie\biblioteki c++\sfml-2.4.1 x86\include\sfml\graphics\..\..\..\..\..\..\..\Documents\Visual Studio 2015\Projects\Stworki\Game\Game\SFGE\Objects\DrawableObject.h(20): error C4430: missing type specifier - int assumed. Note: C++ does not support default-int
c:\users\macie\onedrive\programowanie\biblioteki c++\sfml-2.4.1 x86\include\sfml\graphics\..\..\..\..\..\..\..\Documents\Visual Studio 2015\Projects\Stworki\Game\Game\SFGE\Objects\DrawableObject.h(20): error C2238: unexpected token(s) preceding ';'
  DataMgr.cpp
C:\Users\Macie\OneDrive\Programowanie\Biblioteki C++\SFML-2.4.1 x86\include\SFML/Graphics/Sprite.hpp(47): error C2504: 'Drawable': base class undefined
C:\Users\Macie\OneDrive\Programowanie\Biblioteki C++\SFML-2.4.1 x86\include\SFML/Graphics/Sprite.hpp(201): error C2061: syntax error: identifier 'RenderTarget'
c:\users\macie\onedrive\programowanie\biblioteki c++\sfml-2.4.1 x86\include\sfml\graphics\..\..\..\..\..\..\..\Documents\Visual Studio 2015\Projects\Stworki\Game\Game\SFGE\Objects\DrawableObject.h(20): error C2039: 'Drawable': is not a member of 'sf'
  C:\Users\Macie\OneDrive\Programowanie\Biblioteki C++\SFML-2.4.1 x86\include\SFML/Graphics/Sprite.hpp(38): note: see declaration of 'sf'
c:\users\macie\onedrive\programowanie\biblioteki c++\sfml-2.4.1 x86\include\sfml\graphics\..\..\..\..\..\..\..\Documents\Visual Studio 2015\Projects\Stworki\Game\Game\SFGE\Objects\DrawableObject.h(20): error C2143: syntax error: missing ';' before '&'
c:\users\macie\onedrive\programowanie\biblioteki c++\sfml-2.4.1 x86\include\sfml\graphics\..\..\..\..\..\..\..\Documents\Visual Studio 2015\Projects\Stworki\Game\Game\SFGE\Objects\DrawableObject.h(20): error C2433: 'sfge::DrawableObject::Drawable': 'virtual' not permitted on data declarations
c:\users\macie\onedrive\programowanie\biblioteki c++\sfml-2.4.1 x86\include\sfml\graphics\..\..\..\..\..\..\..\Documents\Visual Studio 2015\Projects\Stworki\Game\Game\SFGE\Objects\DrawableObject.h(20): error C4430: missing type specifier - int assumed. Note: C++ does not support default-int
c:\users\macie\onedrive\programowanie\biblioteki c++\sfml-2.4.1 x86\include\sfml\graphics\..\..\..\..\..\..\..\Documents\Visual Studio 2015\Projects\Stworki\Game\Game\SFGE\Objects\DrawableObject.h(20): error C2238: unexpected token(s) preceding ';'
  EditorMgr.cpp
C:\Users\Macie\OneDrive\Programowanie\Biblioteki C++\SFML-2.4.1 x86\include\SFML/Graphics/Sprite.hpp(47): error C2504: 'sf::Drawable': base class undefined
c:\users\macie\onedrive\mighty gorilla\the board game project\edytor\edytor\Action.h(191): warning C4267: 'initializing': conversion from 'size_t' to 'uint8_t', possible loss of data
  Fahren.cpp
C:\Users\Macie\OneDrive\Programowanie\Biblioteki C++\SFML-2.4.1 x86\include\SFML/Graphics/Sprite.hpp(47): error C2504: 'Drawable': base class undefined
C:\Users\Macie\OneDrive\Programowanie\Biblioteki C++\SFML-2.4.1 x86\include\SFML/Graphics/Sprite.hpp(201): error C2061: syntax error: identifier 'RenderTarget'
c:\users\macie\onedrive\programowanie\biblioteki c++\sfml-2.4.1 x86\include\sfml\graphics\..\..\..\..\..\..\..\Documents\Visual Studio 2015\Projects\Stworki\Game\Game\SFGE\Objects\DrawableObject.h(20): error C2039: 'Drawable': is not a member of 'sf'
  C:\Users\Macie\OneDrive\Programowanie\Biblioteki C++\SFML-2.4.1 x86\include\SFML/Graphics/Sprite.hpp(38): note: see declaration of 'sf'
c:\users\macie\onedrive\programowanie\biblioteki c++\sfml-2.4.1 x86\include\sfml\graphics\..\..\..\..\..\..\..\Documents\Visual Studio 2015\Projects\Stworki\Game\Game\SFGE\Objects\DrawableObject.h(20): error C2143: syntax error: missing ';' before '&'
c:\users\macie\onedrive\programowanie\biblioteki c++\sfml-2.4.1 x86\include\sfml\graphics\..\..\..\..\..\..\..\Documents\Visual Studio 2015\Projects\Stworki\Game\Game\SFGE\Objects\DrawableObject.h(20): error C2433: 'sfge::DrawableObject::Drawable': 'virtual' not permitted on data declarations
c:\users\macie\onedrive\programowanie\biblioteki c++\sfml-2.4.1 x86\include\sfml\graphics\..\..\..\..\..\..\..\Documents\Visual Studio 2015\Projects\Stworki\Game\Game\SFGE\Objects\DrawableObject.h(20): error C4430: missing type specifier - int assumed. Note: C++ does not support default-int
c:\users\macie\onedrive\programowanie\biblioteki c++\sfml-2.4.1 x86\include\sfml\graphics\..\..\..\..\..\..\..\Documents\Visual Studio 2015\Projects\Stworki\Game\Game\SFGE\Objects\DrawableObject.h(20): error C2238: unexpected token(s) preceding ';'
  FieldMgr.cpp
C:\Users\Macie\OneDrive\Programowanie\Biblioteki C++\SFML-2.4.1 x86\include\SFML/Graphics/Sprite.hpp(47): error C2504: 'Drawable': base class undefined
C:\Users\Macie\OneDrive\Programowanie\Biblioteki C++\SFML-2.4.1 x86\include\SFML/Graphics/Sprite.hpp(201): error C2061: syntax error: identifier 'RenderTarget'
c:\users\macie\onedrive\programowanie\biblioteki c++\sfml-2.4.1 x86\include\sfml\graphics\..\..\..\..\..\..\..\Documents\Visual Studio 2015\Projects\Stworki\Game\Game\SFGE\Objects\DrawableObject.h(20): error C2039: 'Drawable': is not a member of 'sf'
  C:\Users\Macie\OneDrive\Programowanie\Biblioteki C++\SFML-2.4.1 x86\include\SFML/Graphics/Sprite.hpp(38): note: see declaration of 'sf'
c:\users\macie\onedrive\programowanie\biblioteki c++\sfml-2.4.1 x86\include\sfml\graphics\..\..\..\..\..\..\..\Documents\Visual Studio 2015\Projects\Stworki\Game\Game\SFGE\Objects\DrawableObject.h(20): error C2143: syntax error: missing ';' before '&'
c:\users\macie\onedrive\programowanie\biblioteki c++\sfml-2.4.1 x86\include\sfml\graphics\..\..\..\..\..\..\..\Documents\Visual Studio 2015\Projects\Stworki\Game\Game\SFGE\Objects\DrawableObject.h(20): error C2433: 'sfge::DrawableObject::Drawable': 'virtual' not permitted on data declarations
c:\users\macie\onedrive\programowanie\biblioteki c++\sfml-2.4.1 x86\include\sfml\graphics\..\..\..\..\..\..\..\Documents\Visual Studio 2015\Projects\Stworki\Game\Game\SFGE\Objects\DrawableObject.h(20): error C4430: missing type specifier - int assumed. Note: C++ does not support default-int
c:\users\macie\onedrive\programowanie\biblioteki c++\sfml-2.4.1 x86\include\sfml\graphics\..\..\..\..\..\..\..\Documents\Visual Studio 2015\Projects\Stworki\Game\Game\SFGE\Objects\DrawableObject.h(20): error C2238: unexpected token(s) preceding ';'
FieldMgr.cpp(30): error C4996: 'sf::Text::setColor': was declared deprecated
  C:\Users\Macie\OneDrive\Programowanie\Biblioteki C++\SFML-2.4.1 x86\include\SFML/Graphics/Text.hpp(177): note: see declaration of 'sf::Text::setColor'
FieldMgr.cpp(43): warning C4018: '<': signed/unsigned mismatch
FieldMgr.cpp(76): error C2664: 'void sf::RenderTarget::draw(const sf::Vertex *,::size_t,sf::PrimitiveType,const sf::RenderStates &)': cannot convert argument 1 from 'sf::Sprite' to 'const sf::Drawable &'
  FieldMgr.cpp(76): note: Reason: cannot convert from 'sf::Sprite' to 'const sf::Drawable'
  FieldMgr.cpp(76): note: No user-defined-conversion operator available that can perform this conversion, or the operator cannot be called
FieldMgr.cpp(113): warning C4244: 'argument': conversion from 'const float' to 'int', possible loss of data
FieldMgr.cpp(172): warning C4244: 'argument': conversion from 'const float' to 'int', possible loss of data
  GUIMgr.cpp
C:\Users\Macie\OneDrive\Programowanie\Biblioteki C++\SFML-2.4.1 x86\include\SFML/Graphics/Sprite.hpp(47): error C2504: 'sf::Drawable': base class undefined
c:\users\macie\onedrive\mighty gorilla\the board game project\edytor\edytor\Action.h(191): warning C4267: 'initializing': conversion from 'size_t' to 'uint8_t', possible loss of data
  InputMgr.cpp
C:\Users\Macie\OneDrive\Programowanie\Biblioteki C++\SFML-2.4.1 x86\include\SFML/Graphics/Sprite.hpp(47): error C2504: 'Drawable': base class undefined
C:\Users\Macie\OneDrive\Programowanie\Biblioteki C++\SFML-2.4.1 x86\include\SFML/Graphics/Sprite.hpp(201): error C2061: syntax error: identifier 'RenderTarget'
c:\users\macie\onedrive\programowanie\biblioteki c++\sfml-2.4.1 x86\include\sfml\graphics\..\..\..\..\..\..\..\Documents\Visual Studio 2015\Projects\Stworki\Game\Game\SFGE\Objects\DrawableObject.h(20): error C2039: 'Drawable': is not a member of 'sf'
  C:\Users\Macie\OneDrive\Programowanie\Biblioteki C++\SFML-2.4.1 x86\include\SFML/Graphics/Sprite.hpp(38): note: see declaration of 'sf'
c:\users\macie\onedrive\programowanie\biblioteki c++\sfml-2.4.1 x86\include\sfml\graphics\..\..\..\..\..\..\..\Documents\Visual Studio 2015\Projects\Stworki\Game\Game\SFGE\Objects\DrawableObject.h(20): error C2143: syntax error: missing ';' before '&'
c:\users\macie\onedrive\programowanie\biblioteki c++\sfml-2.4.1 x86\include\sfml\graphics\..\..\..\..\..\..\..\Documents\Visual Studio 2015\Projects\Stworki\Game\Game\SFGE\Objects\DrawableObject.h(20): error C2433: 'sfge::DrawableObject::Drawable': 'virtual' not permitted on data declarations
c:\users\macie\onedrive\programowanie\biblioteki c++\sfml-2.4.1 x86\include\sfml\graphics\..\..\..\..\..\..\..\Documents\Visual Studio 2015\Projects\Stworki\Game\Game\SFGE\Objects\DrawableObject.h(20): error C4430: missing type specifier - int assumed. Note: C++ does not support default-int
c:\users\macie\onedrive\programowanie\biblioteki c++\sfml-2.4.1 x86\include\sfml\graphics\..\..\..\..\..\..\..\Documents\Visual Studio 2015\Projects\Stworki\Game\Game\SFGE\Objects\DrawableObject.h(20): error C2238: unexpected token(s) preceding ';'
InputMgr.cpp(41): warning C4018: '<': signed/unsigned mismatch
InputMgr.cpp(57): warning C4018: '<': signed/unsigned mismatch
InputMgr.cpp(74): warning C4018: '<': signed/unsigned mismatch
  Item.cpp
C:\Users\Macie\OneDrive\Programowanie\Biblioteki C++\SFML-2.4.1 x86\include\SFML/Graphics/Sprite.hpp(47): error C2504: 'Drawable': base class undefined
C:\Users\Macie\OneDrive\Programowanie\Biblioteki C++\SFML-2.4.1 x86\include\SFML/Graphics/Sprite.hpp(201): error C2061: syntax error: identifier 'RenderTarget'
c:\users\macie\onedrive\programowanie\biblioteki c++\sfml-2.4.1 x86\include\sfml\graphics\..\..\..\..\..\..\..\Documents\Visual Studio 2015\Projects\Stworki\Game\Game\SFGE\Objects\DrawableObject.h(20): error C2039: 'Drawable': is not a member of 'sf'
  C:\Users\Macie\OneDrive\Programowanie\Biblioteki C++\SFML-2.4.1 x86\include\SFML/Graphics/Sprite.hpp(38): note: see declaration of 'sf'
c:\users\macie\onedrive\programowanie\biblioteki c++\sfml-2.4.1 x86\include\sfml\graphics\..\..\..\..\..\..\..\Documents\Visual Studio 2015\Projects\Stworki\Game\Game\SFGE\Objects\DrawableObject.h(20): error C2143: syntax error: missing ';' before '&'
c:\users\macie\onedrive\programowanie\biblioteki c++\sfml-2.4.1 x86\include\sfml\graphics\..\..\..\..\..\..\..\Documents\Visual Studio 2015\Projects\Stworki\Game\Game\SFGE\Objects\DrawableObject.h(20): error C2433: 'sfge::DrawableObject::Drawable': 'virtual' not permitted on data declarations
c:\users\macie\onedrive\programowanie\biblioteki c++\sfml-2.4.1 x86\include\sfml\graphics\..\..\..\..\..\..\..\Documents\Visual Studio 2015\Projects\Stworki\Game\Game\SFGE\Objects\DrawableObject.h(20): error C4430: missing type specifier - int assumed. Note: C++ does not support default-int
c:\users\macie\onedrive\programowanie\biblioteki c++\sfml-2.4.1 x86\include\sfml\graphics\..\..\..\..\..\..\..\Documents\Visual Studio 2015\Projects\Stworki\Game\Game\SFGE\Objects\DrawableObject.h(20): error C2238: unexpected token(s) preceding ';'
  main.cpp
C:\Users\Macie\OneDrive\Programowanie\Biblioteki C++\SFML-2.4.1 x86\include\SFML/Graphics/Sprite.hpp(47): error C2504: 'Drawable': base class undefined
C:\Users\Macie\OneDrive\Programowanie\Biblioteki C++\SFML-2.4.1 x86\include\SFML/Graphics/Sprite.hpp(201): error C2061: syntax error: identifier 'RenderTarget'
c:\users\macie\onedrive\programowanie\biblioteki c++\sfml-2.4.1 x86\include\sfml\graphics\..\..\..\..\..\..\..\Documents\Visual Studio 2015\Projects\Stworki\Game\Game\SFGE\Objects\DrawableObject.h(20): error C2039: 'Drawable': is not a member of 'sf'
  C:\Users\Macie\OneDrive\Programowanie\Biblioteki C++\SFML-2.4.1 x86\include\SFML/Graphics/Sprite.hpp(38): note: see declaration of 'sf'
c:\users\macie\onedrive\programowanie\biblioteki c++\sfml-2.4.1 x86\include\sfml\graphics\..\..\..\..\..\..\..\Documents\Visual Studio 2015\Projects\Stworki\Game\Game\SFGE\Objects\DrawableObject.h(20): error C2143: syntax error: missing ';' before '&'
c:\users\macie\onedrive\programowanie\biblioteki c++\sfml-2.4.1 x86\include\sfml\graphics\..\..\..\..\..\..\..\Documents\Visual Studio 2015\Projects\Stworki\Game\Game\SFGE\Objects\DrawableObject.h(20): error C2433: 'sfge::DrawableObject::Drawable': 'virtual' not permitted on data declarations
c:\users\macie\onedrive\programowanie\biblioteki c++\sfml-2.4.1 x86\include\sfml\graphics\..\..\..\..\..\..\..\Documents\Visual Studio 2015\Projects\Stworki\Game\Game\SFGE\Objects\DrawableObject.h(20): error C4430: missing type specifier - int assumed. Note: C++ does not support default-int
c:\users\macie\onedrive\programowanie\biblioteki c++\sfml-2.4.1 x86\include\sfml\graphics\..\..\..\..\..\..\..\Documents\Visual Studio 2015\Projects\Stworki\Game\Game\SFGE\Objects\DrawableObject.h(20): error C2238: unexpected token(s) preceding ';'
c:\users\macie\onedrive\mighty gorilla\the board game project\edytor\edytor\Action.h(191): warning C4267: 'initializing': conversion from 'size_t' to 'uint8_t', possible loss of data
main.cpp(33): warning C4244: 'argument': conversion from 'float' to 'unsigned int', possible loss of data
  Location.cpp
C:\Users\Macie\OneDrive\Programowanie\Biblioteki C++\SFML-2.4.1 x86\include\SFML/Graphics/Sprite.hpp(47): error C2504: 'Drawable': base class undefined
C:\Users\Macie\OneDrive\Programowanie\Biblioteki C++\SFML-2.4.1 x86\include\SFML/Graphics/Sprite.hpp(201): error C2061: syntax error: identifier 'RenderTarget'
c:\users\macie\onedrive\programowanie\biblioteki c++\sfml-2.4.1 x86\include\sfml\graphics\..\..\..\..\..\..\..\Documents\Visual Studio 2015\Projects\Stworki\Game\Game\SFGE\Objects\DrawableObject.h(20): error C2039: 'Drawable': is not a member of 'sf'
  C:\Users\Macie\OneDrive\Programowanie\Biblioteki C++\SFML-2.4.1 x86\include\SFML/Graphics/Sprite.hpp(38): note: see declaration of 'sf'
c:\users\macie\onedrive\programowanie\biblioteki c++\sfml-2.4.1 x86\include\sfml\graphics\..\..\..\..\..\..\..\Documents\Visual Studio 2015\Projects\Stworki\Game\Game\SFGE\Objects\DrawableObject.h(20): error C2143: syntax error: missing ';' before '&'
c:\users\macie\onedrive\programowanie\biblioteki c++\sfml-2.4.1 x86\include\sfml\graphics\..\..\..\..\..\..\..\Documents\Visual Studio 2015\Projects\Stworki\Game\Game\SFGE\Objects\DrawableObject.h(20): error C2433: 'sfge::DrawableObject::Drawable': 'virtual' not permitted on data declarations
c:\users\macie\onedrive\programowanie\biblioteki c++\sfml-2.4.1 x86\include\sfml\graphics\..\..\..\..\..\..\..\Documents\Visual Studio 2015\Projects\Stworki\Game\Game\SFGE\Objects\DrawableObject.h(20): error C4430: missing type specifier - int assumed. Note: C++ does not support default-int
c:\users\macie\onedrive\programowanie\biblioteki c++\sfml-2.4.1 x86\include\sfml\graphics\..\..\..\..\..\..\..\Documents\Visual Studio 2015\Projects\Stworki\Game\Game\SFGE\Objects\DrawableObject.h(20): error C2238: unexpected token(s) preceding ';'
Location.cpp(59): error C2664: 'void sf::RenderTarget::draw(const sf::Vertex *,::size_t,sf::PrimitiveType,const sf::RenderStates &)': cannot convert argument 1 from 'sf::Sprite' to 'const sf::Drawable &'
  Location.cpp(59): note: Reason: cannot convert from 'sf::Sprite' to 'const sf::Drawable'
  Location.cpp(59): note: No user-defined-conversion operator available that can perform this conversion, or the operator cannot be called
  MapLoader.cpp
C:\Users\Macie\OneDrive\Programowanie\Biblioteki C++\SFML-2.4.1 x86\include\SFML/Graphics/Sprite.hpp(47): error C2504: 'Drawable': base class undefined
C:\Users\Macie\OneDrive\Programowanie\Biblioteki C++\SFML-2.4.1 x86\include\SFML/Graphics/Sprite.hpp(201): error C2061: syntax error: identifier 'RenderTarget'
c:\users\macie\onedrive\programowanie\biblioteki c++\sfml-2.4.1 x86\include\sfml\graphics\..\..\..\..\..\..\..\Documents\Visual Studio 2015\Projects\Stworki\Game\Game\SFGE\Objects\DrawableObject.h(20): error C2039: 'Drawable': is not a member of 'sf'
  C:\Users\Macie\OneDrive\Programowanie\Biblioteki C++\SFML-2.4.1 x86\include\SFML/Graphics/Sprite.hpp(38): note: see declaration of 'sf'
c:\users\macie\onedrive\programowanie\biblioteki c++\sfml-2.4.1 x86\include\sfml\graphics\..\..\..\..\..\..\..\Documents\Visual Studio 2015\Projects\Stworki\Game\Game\SFGE\Objects\DrawableObject.h(20): error C2143: syntax error: missing ';' before '&'
c:\users\macie\onedrive\programowanie\biblioteki c++\sfml-2.4.1 x86\include\sfml\graphics\..\..\..\..\..\..\..\Documents\Visual Studio 2015\Projects\Stworki\Game\Game\SFGE\Objects\DrawableObject.h(20): error C2433: 'sfge::DrawableObject::Drawable': 'virtual' not permitted on data declarations
c:\users\macie\onedrive\programowanie\biblioteki c++\sfml-2.4.1 x86\include\sfml\graphics\..\..\..\..\..\..\..\Documents\Visual Studio 2015\Projects\Stworki\Game\Game\SFGE\Objects\DrawableObject.h(20): error C4430: missing type specifier - int assumed. Note: C++ does not support default-int
c:\users\macie\onedrive\programowanie\biblioteki c++\sfml-2.4.1 x86\include\sfml\graphics\..\..\..\..\..\..\..\Documents\Visual Studio 2015\Projects\Stworki\Game\Game\SFGE\Objects\DrawableObject.h(20): error C2238: unexpected token(s) preceding ';'
MapLoader.cpp(91): warning C4244: 'argument': conversion from 'int' to 'float', possible loss of data
MapLoader.cpp(97): warning C4244: 'argument': conversion from 'int' to 'float', possible loss of data
MapLoader.cpp(308): warning C4244: '=': conversion from 'double' to 'float', possible loss of data
MapLoader.cpp(314): warning C4244: '=': conversion from 'double' to 'float', possible loss of data
  MapMgr.cpp
C:\Users\Macie\OneDrive\Programowanie\Biblioteki C++\SFML-2.4.1 x86\include\SFML/Graphics/Sprite.hpp(47): error C2504: 'Drawable': base class undefined
C:\Users\Macie\OneDrive\Programowanie\Biblioteki C++\SFML-2.4.1 x86\include\SFML/Graphics/Sprite.hpp(201): error C2061: syntax error: identifier 'RenderTarget'
c:\users\macie\onedrive\programowanie\biblioteki c++\sfml-2.4.1 x86\include\sfml\graphics\..\..\..\..\..\..\..\Documents\Visual Studio 2015\Projects\Stworki\Game\Game\SFGE\Objects\DrawableObject.h(20): error C2039: 'Drawable': is not a member of 'sf'
  C:\Users\Macie\OneDrive\Programowanie\Biblioteki C++\SFML-2.4.1 x86\include\SFML/Graphics/Sprite.hpp(38): note: see declaration of 'sf'
c:\users\macie\onedrive\programowanie\biblioteki c++\sfml-2.4.1 x86\include\sfml\graphics\..\..\..\..\..\..\..\Documents\Visual Studio 2015\Projects\Stworki\Game\Game\SFGE\Objects\DrawableObject.h(20): error C2143: syntax error: missing ';' before '&'
c:\users\macie\onedrive\programowanie\biblioteki c++\sfml-2.4.1 x86\include\sfml\graphics\..\..\..\..\..\..\..\Documents\Visual Studio 2015\Projects\Stworki\Game\Game\SFGE\Objects\DrawableObject.h(20): error C2433: 'sfge::DrawableObject::Drawable': 'virtual' not permitted on data declarations
c:\users\macie\onedrive\programowanie\biblioteki c++\sfml-2.4.1 x86\include\sfml\graphics\..\..\..\..\..\..\..\Documents\Visual Studio 2015\Projects\Stworki\Game\Game\SFGE\Objects\DrawableObject.h(20): error C4430: missing type specifier - int assumed. Note: C++ does not support default-int
c:\users\macie\onedrive\programowanie\biblioteki c++\sfml-2.4.1 x86\include\sfml\graphics\..\..\..\..\..\..\..\Documents\Visual Studio 2015\Projects\Stworki\Game\Game\SFGE\Objects\DrawableObject.h(20): error C2238: unexpected token(s) preceding ';'
MapMgr.cpp(36): warning C4018: '<': signed/unsigned mismatch
MapMgr.cpp(48): warning C4018: '<': signed/unsigned mismatch
MapMgr.cpp(75): error C2664: 'void sf::RenderTarget::draw(const sf::Vertex *,::size_t,sf::PrimitiveType,const sf::RenderStates &)': cannot convert argument 1 from 'sf::Sprite' to 'const sf::Drawable &'
  MapMgr.cpp(75): note: Reason: cannot convert from 'sf::Sprite' to 'const sf::Drawable'
  MapMgr.cpp(75): note: No user-defined-conversion operator available that can perform this conversion, or the operator cannot be called
MapMgr.cpp(79): error C2664: 'void sf::RenderTarget::draw(const sf::Vertex *,::size_t,sf::PrimitiveType,const sf::RenderStates &)': cannot convert argument 1 from 'sf::Sprite' to 'const sf::Drawable &'
  MapMgr.cpp(79): note: Reason: cannot convert from 'sf::Sprite' to 'const sf::Drawable'
  MapMgr.cpp(79): note: No user-defined-conversion operator available that can perform this conversion, or the operator cannot be called
MapMgr.cpp(308): warning C4018: '>=': signed/unsigned mismatch
  Compiling...
  Mefisto.cpp
C:\Users\Macie\OneDrive\Programowanie\Biblioteki C++\SFML-2.4.1 x86\include\SFML/Graphics/Sprite.hpp(47): error C2504: 'Drawable': base class undefined
C:\Users\Macie\OneDrive\Programowanie\Biblioteki C++\SFML-2.4.1 x86\include\SFML/Graphics/Sprite.hpp(201): error C2061: syntax error: identifier 'RenderTarget'
c:\users\macie\onedrive\programowanie\biblioteki c++\sfml-2.4.1 x86\include\sfml\graphics\..\..\..\..\..\..\..\Documents\Visual Studio 2015\Projects\Stworki\Game\Game\SFGE\Objects\DrawableObject.h(20): error C2039: 'Drawable': is not a member of 'sf'
  C:\Users\Macie\OneDrive\Programowanie\Biblioteki C++\SFML-2.4.1 x86\include\SFML/Graphics/Sprite.hpp(38): note: see declaration of 'sf'
c:\users\macie\onedrive\programowanie\biblioteki c++\sfml-2.4.1 x86\include\sfml\graphics\..\..\..\..\..\..\..\Documents\Visual Studio 2015\Projects\Stworki\Game\Game\SFGE\Objects\DrawableObject.h(20): error C2143: syntax error: missing ';' before '&'
c:\users\macie\onedrive\programowanie\biblioteki c++\sfml-2.4.1 x86\include\sfml\graphics\..\..\..\..\..\..\..\Documents\Visual Studio 2015\Projects\Stworki\Game\Game\SFGE\Objects\DrawableObject.h(20): error C2433: 'sfge::DrawableObject::Drawable': 'virtual' not permitted on data declarations
c:\users\macie\onedrive\programowanie\biblioteki c++\sfml-2.4.1 x86\include\sfml\graphics\..\..\..\..\..\..\..\Documents\Visual Studio 2015\Projects\Stworki\Game\Game\SFGE\Objects\DrawableObject.h(20): error C4430: missing type specifier - int assumed. Note: C++ does not support default-int
c:\users\macie\onedrive\programowanie\biblioteki c++\sfml-2.4.1 x86\include\sfml\graphics\..\..\..\..\..\..\..\Documents\Visual Studio 2015\Projects\Stworki\Game\Game\SFGE\Objects\DrawableObject.h(20): error C2238: unexpected token(s) preceding ';'
  Menu.cpp
C:\Users\Macie\OneDrive\Programowanie\Biblioteki C++\SFML-2.4.1 x86\include\SFML/Graphics/Sprite.hpp(47): error C2504: 'sf::Drawable': base class undefined
Menu.cpp(54): warning C4244: 'argument': conversion from 'unsigned int' to 'float', possible loss of data
Menu.cpp(66): warning C4018: '>': signed/unsigned mismatch
  MenuEdit.cpp
C:\Users\Macie\OneDrive\Programowanie\Biblioteki C++\SFML-2.4.1 x86\include\SFML/Graphics/Sprite.hpp(47): error C2504: 'sf::Drawable': base class undefined
c:\users\macie\onedrive\mighty gorilla\the board game project\edytor\edytor\Action.h(191): warning C4267: 'initializing': conversion from 'size_t' to 'uint8_t', possible loss of data
  MenuFile.cpp
C:\Users\Macie\OneDrive\Programowanie\Biblioteki C++\SFML-2.4.1 x86\include\SFML/Graphics/Sprite.hpp(47): error C2504: 'sf::Drawable': base class undefined
c:\users\macie\onedrive\mighty gorilla\the board game project\edytor\edytor\Action.h(191): warning C4267: 'initializing': conversion from 'size_t' to 'uint8_t', possible loss of data
  Field.cpp
C:\Users\Macie\OneDrive\Programowanie\Biblioteki C++\SFML-2.4.1 x86\include\SFML/Graphics/Sprite.hpp(47): error C2504: 'Drawable': base class undefined
C:\Users\Macie\OneDrive\Programowanie\Biblioteki C++\SFML-2.4.1 x86\include\SFML/Graphics/Sprite.hpp(201): error C2061: syntax error: identifier 'RenderTarget'
c:\users\macie\onedrive\programowanie\biblioteki c++\sfml-2.4.1 x86\include\sfml\graphics\..\..\..\..\..\..\..\Documents\Visual Studio 2015\Projects\Stworki\Game\Game\SFGE\Objects\DrawableObject.h(20): error C2039: 'Drawable': is not a member of 'sf'
  C:\Users\Macie\OneDrive\Programowanie\Biblioteki C++\SFML-2.4.1 x86\include\SFML/Graphics/Sprite.hpp(38): note: see declaration of 'sf'
c:\users\macie\onedrive\programowanie\biblioteki c++\sfml-2.4.1 x86\include\sfml\graphics\..\..\..\..\..\..\..\Documents\Visual Studio 2015\Projects\Stworki\Game\Game\SFGE\Objects\DrawableObject.h(20): error C2143: syntax error: missing ';' before '&'
c:\users\macie\onedrive\programowanie\biblioteki c++\sfml-2.4.1 x86\include\sfml\graphics\..\..\..\..\..\..\..\Documents\Visual Studio 2015\Projects\Stworki\Game\Game\SFGE\Objects\DrawableObject.h(20): error C2433: 'sfge::DrawableObject::Drawable': 'virtual' not permitted on data declarations
c:\users\macie\onedrive\programowanie\biblioteki c++\sfml-2.4.1 x86\include\sfml\graphics\..\..\..\..\..\..\..\Documents\Visual Studio 2015\Projects\Stworki\Game\Game\SFGE\Objects\DrawableObject.h(20): error C4430: missing type specifier - int assumed. Note: C++ does not support default-int
c:\users\macie\onedrive\programowanie\biblioteki c++\sfml-2.4.1 x86\include\sfml\graphics\..\..\..\..\..\..\..\Documents\Visual Studio 2015\Projects\Stworki\Game\Game\SFGE\Objects\DrawableObject.h(20): error C2238: unexpected token(s) preceding ';'
  MenuHelp.cpp
C:\Users\Macie\OneDrive\Programowanie\Biblioteki C++\SFML-2.4.1 x86\include\SFML/Graphics/Sprite.hpp(47): error C2504: 'sf::Drawable': base class undefined
c:\users\macie\onedrive\mighty gorilla\the board game project\edytor\edytor\Action.h(191): warning C4267: 'initializing': conversion from 'size_t' to 'uint8_t', possible loss of data
  MenuTools.cpp
C:\Users\Macie\OneDrive\Programowanie\Biblioteki C++\SFML-2.4.1 x86\include\SFML/Graphics/Sprite.hpp(47): error C2504: 'sf::Drawable': base class undefined
c:\users\macie\onedrive\mighty gorilla\the board game project\edytor\edytor\Action.h(191): warning C4267: 'initializing': conversion from 'size_t' to 'uint8_t', possible loss of data
  NPC.cpp
C:\Users\Macie\OneDrive\Programowanie\Biblioteki C++\SFML-2.4.1 x86\include\SFML/Graphics/Sprite.hpp(47): error C2504: 'Drawable': base class undefined
C:\Users\Macie\OneDrive\Programowanie\Biblioteki C++\SFML-2.4.1 x86\include\SFML/Graphics/Sprite.hpp(201): error C2061: syntax error: identifier 'RenderTarget'
c:\users\macie\onedrive\programowanie\biblioteki c++\sfml-2.4.1 x86\include\sfml\graphics\..\..\..\..\..\..\..\Documents\Visual Studio 2015\Projects\Stworki\Game\Game\SFGE\Objects\DrawableObject.h(20): error C2039: 'Drawable': is not a member of 'sf'
  C:\Users\Macie\OneDrive\Programowanie\Biblioteki C++\SFML-2.4.1 x86\include\SFML/Graphics/Sprite.hpp(38): note: see declaration of 'sf'
c:\users\macie\onedrive\programowanie\biblioteki c++\sfml-2.4.1 x86\include\sfml\graphics\..\..\..\..\..\..\..\Documents\Visual Studio 2015\Projects\Stworki\Game\Game\SFGE\Objects\DrawableObject.h(20): error C2143: syntax error: missing ';' before '&'
c:\users\macie\onedrive\programowanie\biblioteki c++\sfml-2.4.1 x86\include\sfml\graphics\..\..\..\..\..\..\..\Documents\Visual Studio 2015\Projects\Stworki\Game\Game\SFGE\Objects\DrawableObject.h(20): error C2433: 'sfge::DrawableObject::Drawable': 'virtual' not permitted on data declarations
c:\users\macie\onedrive\programowanie\biblioteki c++\sfml-2.4.1 x86\include\sfml\graphics\..\..\..\..\..\..\..\Documents\Visual Studio 2015\Projects\Stworki\Game\Game\SFGE\Objects\DrawableObject.h(20): error C4430: missing type specifier - int assumed. Note: C++ does not support default-int
c:\users\macie\onedrive\programowanie\biblioteki c++\sfml-2.4.1 x86\include\sfml\graphics\..\..\..\..\..\..\..\Documents\Visual Studio 2015\Projects\Stworki\Game\Game\SFGE\Objects\DrawableObject.h(20): error C2238: unexpected token(s) preceding ';'
  NPCMgr.cpp
C:\Users\Macie\OneDrive\Programowanie\Biblioteki C++\SFML-2.4.1 x86\include\SFML/Graphics/Sprite.hpp(47): error C2504: 'Drawable': base class undefined
C:\Users\Macie\OneDrive\Programowanie\Biblioteki C++\SFML-2.4.1 x86\include\SFML/Graphics/Sprite.hpp(201): error C2061: syntax error: identifier 'RenderTarget'
c:\users\macie\onedrive\programowanie\biblioteki c++\sfml-2.4.1 x86\include\sfml\graphics\..\..\..\..\..\..\..\Documents\Visual Studio 2015\Projects\Stworki\Game\Game\SFGE\Objects\DrawableObject.h(20): error C2039: 'Drawable': is not a member of 'sf'
  C:\Users\Macie\OneDrive\Programowanie\Biblioteki C++\SFML-2.4.1 x86\include\SFML/Graphics/Sprite.hpp(38): note: see declaration of 'sf'
c:\users\macie\onedrive\programowanie\biblioteki c++\sfml-2.4.1 x86\include\sfml\graphics\..\..\..\..\..\..\..\Documents\Visual Studio 2015\Projects\Stworki\Game\Game\SFGE\Objects\DrawableObject.h(20): error C2143: syntax error: missing ';' before '&'
c:\users\macie\onedrive\programowanie\biblioteki c++\sfml-2.4.1 x86\include\sfml\graphics\..\..\..\..\..\..\..\Documents\Visual Studio 2015\Projects\Stworki\Game\Game\SFGE\Objects\DrawableObject.h(20): error C2433: 'sfge::DrawableObject::Drawable': 'virtual' not permitted on data declarations
c:\users\macie\onedrive\programowanie\biblioteki c++\sfml-2.4.1 x86\include\sfml\graphics\..\..\..\..\..\..\..\Documents\Visual Studio 2015\Projects\Stworki\Game\Game\SFGE\Objects\DrawableObject.h(20): error C4430: missing type specifier - int assumed. Note: C++ does not support default-int
c:\users\macie\onedrive\programowanie\biblioteki c++\sfml-2.4.1 x86\include\sfml\graphics\..\..\..\..\..\..\..\Documents\Visual Studio 2015\Projects\Stworki\Game\Game\SFGE\Objects\DrawableObject.h(20): error C2238: unexpected token(s) preceding ';'
NPCMgr.cpp(269): error C2664: 'void sf::RenderTarget::draw(const sf::Vertex *,::size_t,sf::PrimitiveType,const sf::RenderStates &)': cannot convert argument 1 from 'sf::Sprite' to 'const sf::Drawable &'
  NPCMgr.cpp(269): note: Reason: cannot convert from 'sf::Sprite' to 'const sf::Drawable'
  NPCMgr.cpp(269): note: No user-defined-conversion operator available that can perform this conversion, or the operator cannot be called
NPCMgr.cpp(315): warning C4018: '<': signed/unsigned mismatch
NPCMgr.cpp(392): warning C4244: 'argument': conversion from 'const float' to 'int', possible loss of data
  Oslas.cpp
C:\Users\Macie\OneDrive\Programowanie\Biblioteki C++\SFML-2.4.1 x86\include\SFML/Graphics/Sprite.hpp(47): error C2504: 'Drawable': base class undefined
C:\Users\Macie\OneDrive\Programowanie\Biblioteki C++\SFML-2.4.1 x86\include\SFML/Graphics/Sprite.hpp(201): error C2061: syntax error: identifier 'RenderTarget'
c:\users\macie\onedrive\programowanie\biblioteki c++\sfml-2.4.1 x86\include\sfml\graphics\..\..\..\..\..\..\..\Documents\Visual Studio 2015\Projects\Stworki\Game\Game\SFGE\Objects\DrawableObject.h(20): error C2039: 'Drawable': is not a member of 'sf'
  C:\Users\Macie\OneDrive\Programowanie\Biblioteki C++\SFML-2.4.1 x86\include\SFML/Graphics/Sprite.hpp(38): note: see declaration of 'sf'
c:\users\macie\onedrive\programowanie\biblioteki c++\sfml-2.4.1 x86\include\sfml\graphics\..\..\..\..\..\..\..\Documents\Visual Studio 2015\Projects\Stworki\Game\Game\SFGE\Objects\DrawableObject.h(20): error C2143: syntax error: missing ';' before '&'
c:\users\macie\onedrive\programowanie\biblioteki c++\sfml-2.4.1 x86\include\sfml\graphics\..\..\..\..\..\..\..\Documents\Visual Studio 2015\Projects\Stworki\Game\Game\SFGE\Objects\DrawableObject.h(20): error C2433: 'sfge::DrawableObject::Drawable': 'virtual' not permitted on data declarations
c:\users\macie\onedrive\programowanie\biblioteki c++\sfml-2.4.1 x86\include\sfml\graphics\..\..\..\..\..\..\..\Documents\Visual Studio 2015\Projects\Stworki\Game\Game\SFGE\Objects\DrawableObject.h(20): error C4430: missing type specifier - int assumed. Note: C++ does not support default-int
c:\users\macie\onedrive\programowanie\biblioteki c++\sfml-2.4.1 x86\include\sfml\graphics\..\..\..\..\..\..\..\Documents\Visual Studio 2015\Projects\Stworki\Game\Game\SFGE\Objects\DrawableObject.h(20): error C2238: unexpected token(s) preceding ';'
  Player.cpp
C:\Users\Macie\OneDrive\Programowanie\Biblioteki C++\SFML-2.4.1 x86\include\SFML/Graphics/Sprite.hpp(47): error C2504: 'Drawable': base class undefined
C:\Users\Macie\OneDrive\Programowanie\Biblioteki C++\SFML-2.4.1 x86\include\SFML/Graphics/Sprite.hpp(201): error C2061: syntax error: identifier 'RenderTarget'
c:\users\macie\onedrive\programowanie\biblioteki c++\sfml-2.4.1 x86\include\sfml\graphics\..\..\..\..\..\..\..\Documents\Visual Studio 2015\Projects\Stworki\Game\Game\SFGE\Objects\DrawableObject.h(20): error C2039: 'Drawable': is not a member of 'sf'
  C:\Users\Macie\OneDrive\Programowanie\Biblioteki C++\SFML-2.4.1 x86\include\SFML/Graphics/Sprite.hpp(38): note: see declaration of 'sf'
c:\users\macie\onedrive\programowanie\biblioteki c++\sfml-2.4.1 x86\include\sfml\graphics\..\..\..\..\..\..\..\Documents\Visual Studio 2015\Projects\Stworki\Game\Game\SFGE\Objects\DrawableObject.h(20): error C2143: syntax error: missing ';' before '&'
c:\users\macie\onedrive\programowanie\biblioteki c++\sfml-2.4.1 x86\include\sfml\graphics\..\..\..\..\..\..\..\Documents\Visual Studio 2015\Projects\Stworki\Game\Game\SFGE\Objects\DrawableObject.h(20): error C2433: 'sfge::DrawableObject::Drawable': 'virtual' not permitted on data declarations
c:\users\macie\onedrive\programowanie\biblioteki c++\sfml-2.4.1 x86\include\sfml\graphics\..\..\..\..\..\..\..\Documents\Visual Studio 2015\Projects\Stworki\Game\Game\SFGE\Objects\DrawableObject.h(20): error C4430: missing type specifier - int assumed. Note: C++ does not support default-int
c:\users\macie\onedrive\programowanie\biblioteki c++\sfml-2.4.1 x86\include\sfml\graphics\..\..\..\..\..\..\..\Documents\Visual Studio 2015\Projects\Stworki\Game\Game\SFGE\Objects\DrawableObject.h(20): error C2238: unexpected token(s) preceding ';'
  Seph.cpp
C:\Users\Macie\OneDrive\Programowanie\Biblioteki C++\SFML-2.4.1 x86\include\SFML/Graphics/Sprite.hpp(47): error C2504: 'Drawable': base class undefined
C:\Users\Macie\OneDrive\Programowanie\Biblioteki C++\SFML-2.4.1 x86\include\SFML/Graphics/Sprite.hpp(201): error C2061: syntax error: identifier 'RenderTarget'
c:\users\macie\onedrive\programowanie\biblioteki c++\sfml-2.4.1 x86\include\sfml\graphics\..\..\..\..\..\..\..\Documents\Visual Studio 2015\Projects\Stworki\Game\Game\SFGE\Objects\DrawableObject.h(20): error C2039: 'Drawable': is not a member of 'sf'
  C:\Users\Macie\OneDrive\Programowanie\Biblioteki C++\SFML-2.4.1 x86\include\SFML/Graphics/Sprite.hpp(38): note: see declaration of 'sf'
c:\users\macie\onedrive\programowanie\biblioteki c++\sfml-2.4.1 x86\include\sfml\graphics\..\..\..\..\..\..\..\Documents\Visual Studio 2015\Projects\Stworki\Game\Game\SFGE\Objects\DrawableObject.h(20): error C2143: syntax error: missing ';' before '&'
c:\users\macie\onedrive\programowanie\biblioteki c++\sfml-2.4.1 x86\include\sfml\graphics\..\..\..\..\..\..\..\Documents\Visual Studio 2015\Projects\Stworki\Game\Game\SFGE\Objects\DrawableObject.h(20): error C2433: 'sfge::DrawableObject::Drawable': 'virtual' not permitted on data declarations
c:\users\macie\onedrive\programowanie\biblioteki c++\sfml-2.4.1 x86\include\sfml\graphics\..\..\..\..\..\..\..\Documents\Visual Studio 2015\Projects\Stworki\Game\Game\SFGE\Objects\DrawableObject.h(20): error C4430: missing type specifier - int assumed. Note: C++ does not support default-int
c:\users\macie\onedrive\programowanie\biblioteki c++\sfml-2.4.1 x86\include\sfml\graphics\..\..\..\..\..\..\..\Documents\Visual Studio 2015\Projects\Stworki\Game\Game\SFGE\Objects\DrawableObject.h(20): error C2238: unexpected token(s) preceding ';'
  StateMgr.cpp
C:\Users\Macie\OneDrive\Programowanie\Biblioteki C++\SFML-2.4.1 x86\include\SFML/Graphics/Sprite.hpp(47): error C2504: 'Drawable': base class undefined
C:\Users\Macie\OneDrive\Programowanie\Biblioteki C++\SFML-2.4.1 x86\include\SFML/Graphics/Sprite.hpp(201): error C2061: syntax error: identifier 'RenderTarget'
c:\users\macie\onedrive\programowanie\biblioteki c++\sfml-2.4.1 x86\include\sfml\graphics\..\..\..\..\..\..\..\Documents\Visual Studio 2015\Projects\Stworki\Game\Game\SFGE\Objects\DrawableObject.h(20): error C2039: 'Drawable': is not a member of 'sf'
  C:\Users\Macie\OneDrive\Programowanie\Biblioteki C++\SFML-2.4.1 x86\include\SFML/Graphics/Sprite.hpp(38): note: see declaration of 'sf'
c:\users\macie\onedrive\programowanie\biblioteki c++\sfml-2.4.1 x86\include\sfml\graphics\..\..\..\..\..\..\..\Documents\Visual Studio 2015\Projects\Stworki\Game\Game\SFGE\Objects\DrawableObject.h(20): error C2143: syntax error: missing ';' before '&'
c:\users\macie\onedrive\programowanie\biblioteki c++\sfml-2.4.1 x86\include\sfml\graphics\..\..\..\..\..\..\..\Documents\Visual Studio 2015\Projects\Stworki\Game\Game\SFGE\Objects\DrawableObject.h(20): error C2433: 'sfge::DrawableObject::Drawable': 'virtual' not permitted on data declarations
c:\users\macie\onedrive\programowanie\biblioteki c++\sfml-2.4.1 x86\include\sfml\graphics\..\..\..\..\..\..\..\Documents\Visual Studio 2015\Projects\Stworki\Game\Game\SFGE\Objects\DrawableObject.h(20): error C4430: missing type specifier - int assumed. Note: C++ does not support default-int
c:\users\macie\onedrive\programowanie\biblioteki c++\sfml-2.4.1 x86\include\sfml\graphics\..\..\..\..\..\..\..\Documents\Visual Studio 2015\Projects\Stworki\Game\Game\SFGE\Objects\DrawableObject.h(20): error C2238: unexpected token(s) preceding ';'
c:\users\macie\onedrive\mighty gorilla\the board game project\edytor\edytor\Action.h(191): warning C4267: 'initializing': conversion from 'size_t' to 'uint8_t', possible loss of data
  WindowBuilder.cpp
C:\Users\Macie\OneDrive\Programowanie\Biblioteki C++\SFML-2.4.1 x86\include\SFML/Graphics/Sprite.hpp(47): error C2504: 'sf::Drawable': base class undefined
  WNDFieldTempTool.cpp
C:\Users\Macie\OneDrive\Programowanie\Biblioteki C++\SFML-2.4.1 x86\include\SFML/Graphics/Sprite.hpp(47): error C2504: 'sf::Drawable': base class undefined
c:\users\macie\onedrive\mighty gorilla\the board game project\edytor\edytor\Action.h(191): warning C4267: 'initializing': conversion from 'size_t' to 'uint8_t', possible loss of data
  WNDNPCTempTool.cpp
C:\Users\Macie\OneDrive\Programowanie\Biblioteki C++\SFML-2.4.1 x86\include\SFML/Graphics/Sprite.hpp(47): error C2504: 'sf::Drawable': base class undefined
c:\users\macie\onedrive\mighty gorilla\the board game project\edytor\edytor\Action.h(191): warning C4267: 'initializing': conversion from 'size_t' to 'uint8_t', possible loss of data
  WNDSoundLoading.cpp
C:\Users\Macie\OneDrive\Programowanie\Biblioteki C++\SFML-2.4.1 x86\include\SFML/Graphics/Sprite.hpp(47): error C2504: 'sf::Drawable': base class undefined
c:\users\macie\onedrive\mighty gorilla\the board game project\edytor\edytor\Action.h(191): warning C4267: 'initializing': conversion from 'size_t' to 'uint8_t', possible loss of data
  WNDTextureLoading.cpp
C:\Users\Macie\OneDrive\Programowanie\Biblioteki C++\SFML-2.4.1 x86\include\SFML/Graphics/Sprite.hpp(47): error C2504: 'sf::Drawable': base class undefined
c:\users\macie\onedrive\mighty gorilla\the board game project\edytor\edytor\Action.h(191): warning C4267: 'initializing': conversion from 'size_t' to 'uint8_t', possible loss of data
  WNDFieldProperties.cpp
C:\Users\Macie\OneDrive\Programowanie\Biblioteki C++\SFML-2.4.1 x86\include\SFML/Graphics/Sprite.hpp(47): error C2504: 'sf::Drawable': base class undefined
c:\users\macie\onedrive\mighty gorilla\the board game project\edytor\edytor\Action.h(191): warning C4267: 'initializing': conversion from 'size_t' to 'uint8_t', possible loss of data
  WNDLocationMove.cpp
C:\Users\Macie\OneDrive\Programowanie\Biblioteki C++\SFML-2.4.1 x86\include\SFML/Graphics/Sprite.hpp(47): error C2504: 'sf::Drawable': base class undefined
c:\users\macie\onedrive\mighty gorilla\the board game project\edytor\edytor\Action.h(191): warning C4267: 'initializing': conversion from 'size_t' to 'uint8_t', possible loss of data
  Compiling...
  WNDLocations.cpp
C:\Users\Macie\OneDrive\Programowanie\Biblioteki C++\SFML-2.4.1 x86\include\SFML/Graphics/Sprite.hpp(47): error C2504: 'sf::Drawable': base class undefined
c:\users\macie\onedrive\mighty gorilla\the board game project\edytor\edytor\Action.h(191): warning C4267: 'initializing': conversion from 'size_t' to 'uint8_t', possible loss of data
  WNDLocationsProperties.cpp
C:\Users\Macie\OneDrive\Programowanie\Biblioteki C++\SFML-2.4.1 x86\include\SFML/Graphics/Sprite.hpp(47): error C2504: 'sf::Drawable': base class undefined
c:\users\macie\onedrive\mighty gorilla\the board game project\edytor\edytor\Action.h(191): warning C4267: 'initializing': conversion from 'size_t' to 'uint8_t', possible loss of data
  WNDNPCArmor.cpp
C:\Users\Macie\OneDrive\Programowanie\Biblioteki C++\SFML-2.4.1 x86\include\SFML/Graphics/Sprite.hpp(47): error C2504: 'sf::Drawable': base class undefined
c:\users\macie\onedrive\mighty gorilla\the board game project\edytor\edytor\Action.h(191): warning C4267: 'initializing': conversion from 'size_t' to 'uint8_t', possible loss of data
  WNDNPCProperties.cpp
C:\Users\Macie\OneDrive\Programowanie\Biblioteki C++\SFML-2.4.1 x86\include\SFML/Graphics/Sprite.hpp(47): error C2504: 'sf::Drawable': base class undefined
c:\users\macie\onedrive\mighty gorilla\the board game project\edytor\edytor\Action.h(191): warning C4267: 'initializing': conversion from 'size_t' to 'uint8_t', possible loss of data
  WNDNPCGraphics.cpp
  WNDNPCInventory.cpp
C:\Users\Macie\OneDrive\Programowanie\Biblioteki C++\SFML-2.4.1 x86\include\SFML/Graphics/Sprite.hpp(47): error C2504: 'sf::Drawable': base class undefined
c:\users\macie\onedrive\mighty gorilla\the board game project\edytor\edytor\Action.h(191): warning C4267: 'initializing': conversion from 'size_t' to 'uint8_t', possible loss of data
  WNDNPCPosition.cpp
C:\Users\Macie\OneDrive\Programowanie\Biblioteki C++\SFML-2.4.1 x86\include\SFML/Graphics/Sprite.hpp(47): error C2504: 'sf::Drawable': base class undefined
c:\users\macie\onedrive\mighty gorilla\the board game project\edytor\edytor\Action.h(191): warning C4267: 'initializing': conversion from 'size_t' to 'uint8_t', possible loss of data
  WNDNPCSpells.cpp
C:\Users\Macie\OneDrive\Programowanie\Biblioteki C++\SFML-2.4.1 x86\include\SFML/Graphics/Sprite.hpp(47): error C2504: 'sf::Drawable': base class undefined
c:\users\macie\onedrive\mighty gorilla\the board game project\edytor\edytor\Action.h(191): warning C4267: 'initializing': conversion from 'size_t' to 'uint8_t', possible loss of data
  WNDNPCStats.cpp
C:\Users\Macie\OneDrive\Programowanie\Biblioteki C++\SFML-2.4.1 x86\include\SFML/Graphics/Sprite.hpp(47): error C2504: 'sf::Drawable': base class undefined
c:\users\macie\onedrive\mighty gorilla\the board game project\edytor\edytor\Action.h(191): warning C4267: 'initializing': conversion from 'size_t' to 'uint8_t', possible loss of data
  WNDReallyClose.cpp
C:\Users\Macie\OneDrive\Programowanie\Biblioteki C++\SFML-2.4.1 x86\include\SFML/Graphics/Sprite.hpp(47): error C2504: 'sf::Drawable': base class undefined
c:\users\macie\onedrive\mighty gorilla\the board game project\edytor\edytor\Action.h(191): warning C4267: 'initializing': conversion from 'size_t' to 'uint8_t', possible loss of data
  WNDSaveMap.cpp
C:\Users\Macie\OneDrive\Programowanie\Biblioteki C++\SFML-2.4.1 x86\include\SFML/Graphics/Sprite.hpp(47): error C2504: 'sf::Drawable': base class undefined
c:\users\macie\onedrive\mighty gorilla\the board game project\edytor\edytor\Action.h(191): warning C4267: 'initializing': conversion from 'size_t' to 'uint8_t', possible loss of data
  WNDLoadMap.cpp
C:\Users\Macie\OneDrive\Programowanie\Biblioteki C++\SFML-2.4.1 x86\include\SFML/Graphics/Sprite.hpp(47): error C2504: 'sf::Drawable': base class undefined
c:\users\macie\onedrive\mighty gorilla\the board game project\edytor\edytor\Action.h(191): warning C4267: 'initializing': conversion from 'size_t' to 'uint8_t', possible loss of data
